Performing C SOURCE FILE Test CMAKE_HAVE_LIBC_PTHREAD failed with the following output:
Change Dir: /home/zb/catkin_ws/SuperPoint_SLAM-master/build/CMakeFiles/CMakeTmp

Run Build Command(s):/usr/bin/make cmTC_7494c/fast && /usr/bin/make  -f CMakeFiles/cmTC_7494c.dir/build.make CMakeFiles/cmTC_7494c.dir/build
make[1]: 进入目录“/home/zb/catkin_ws/SuperPoint_SLAM-master/build/CMakeFiles/CMakeTmp”
Building C object CMakeFiles/cmTC_7494c.dir/src.c.o
/usr/bin/cc -DCMAKE_HAVE_LIBC_PTHREAD  -Wall  -O3 -march=native   -o CMakeFiles/cmTC_7494c.dir/src.c.o -c /home/zb/catkin_ws/SuperPoint_SLAM-master/build/CMakeFiles/CMakeTmp/src.c
Linking C executable cmTC_7494c
/usr/local/bin/cmake -E cmake_link_script CMakeFiles/cmTC_7494c.dir/link.txt --verbose=1
/usr/bin/cc   -Wall  -O3 -march=native   -rdynamic CMakeFiles/cmTC_7494c.dir/src.c.o -o cmTC_7494c 
CMakeFiles/cmTC_7494c.dir/src.c.o：在函数‘main’中：
src.c:(.text.startup+0x23)：对‘pthread_create’未定义的引用
src.c:(.text.startup+0x2c)：对‘pthread_detach’未定义的引用
src.c:(.text.startup+0x35)：对‘pthread_cancel’未定义的引用
src.c:(.text.startup+0x40)：对‘pthread_join’未定义的引用
src.c:(.text.startup+0x4b)：对‘pthread_atfork’未定义的引用
collect2: error: ld returned 1 exit status
CMakeFiles/cmTC_7494c.dir/build.make:105: recipe for target 'cmTC_7494c' failed
make[1]: *** [cmTC_7494c] Error 1
make[1]: 离开目录“/home/zb/catkin_ws/SuperPoint_SLAM-master/build/CMakeFiles/CMakeTmp”
Makefile:140: recipe for target 'cmTC_7494c/fast' failed
make: *** [cmTC_7494c/fast] Error 2


Source file was:
#include <pthread.h>

static void* test_func(void* data)
{
  return data;
}

int main(void)
{
  pthread_t thread;
  pthread_create(&thread, NULL, test_func, NULL);
  pthread_detach(thread);
  pthread_cancel(thread);
  pthread_join(thread, NULL);
  pthread_atfork(NULL, NULL, NULL);
  pthread_exit(NULL);

  return 0;
}

Determining if the function pthread_create exists in the pthreads failed with the following output:
Change Dir: /home/zb/catkin_ws/SuperPoint_SLAM-master/build/CMakeFiles/CMakeTmp

Run Build Command(s):/usr/bin/make cmTC_1f835/fast && /usr/bin/make  -f CMakeFiles/cmTC_1f835.dir/build.make CMakeFiles/cmTC_1f835.dir/build
make[1]: 进入目录“/home/zb/catkin_ws/SuperPoint_SLAM-master/build/CMakeFiles/CMakeTmp”
Building C object CMakeFiles/cmTC_1f835.dir/CheckFunctionExists.c.o
/usr/bin/cc   -Wall  -O3 -march=native  -DCHECK_FUNCTION_EXISTS=pthread_create -o CMakeFiles/cmTC_1f835.dir/CheckFunctionExists.c.o -c /usr/local/share/cmake-3.19/Modules/CheckFunctionExists.c
Linking C executable cmTC_1f835
/usr/local/bin/cmake -E cmake_link_script CMakeFiles/cmTC_1f835.dir/link.txt --verbose=1
/usr/bin/cc   -Wall  -O3 -march=native  -DCHECK_FUNCTION_EXISTS=pthread_create -rdynamic CMakeFiles/cmTC_1f835.dir/CheckFunctionExists.c.o -o cmTC_1f835  -lpthreads 
/usr/bin/ld: 找不到 -lpthreads
collect2: error: ld returned 1 exit status
CMakeFiles/cmTC_1f835.dir/build.make:105: recipe for target 'cmTC_1f835' failed
make[1]: *** [cmTC_1f835] Error 1
make[1]: 离开目录“/home/zb/catkin_ws/SuperPoint_SLAM-master/build/CMakeFiles/CMakeTmp”
Makefile:140: recipe for target 'cmTC_1f835/fast' failed
make: *** [cmTC_1f835/fast] Error 2



Performing C SOURCE FILE Test CMAKE_HAVE_LIBC_PTHREAD failed with the following output:
Change Dir: /home/zb/catkin_ws/SuperPoint_SLAM-master/build/CMakeFiles/CMakeTmp

Run Build Command(s):/usr/bin/ninja cmTC_ccaf5 && [1/2] Building C object CMakeFiles/cmTC_ccaf5.dir/src.c.o
[2/2] Linking C executable cmTC_ccaf5
FAILED: cmTC_ccaf5 
: && /usr/bin/x86_64-linux-gnu-gcc-7 -Wall  -O3 -march=native -rdynamic CMakeFiles/cmTC_ccaf5.dir/src.c.o -o cmTC_ccaf5   && :
CMakeFiles/cmTC_ccaf5.dir/src.c.o：在函数‘main’中：
src.c:(.text.startup+0x23)：对‘pthread_create’未定义的引用
src.c:(.text.startup+0x2c)：对‘pthread_detach’未定义的引用
src.c:(.text.startup+0x35)：对‘pthread_cancel’未定义的引用
src.c:(.text.startup+0x40)：对‘pthread_join’未定义的引用
src.c:(.text.startup+0x4b)：对‘pthread_atfork’未定义的引用
collect2: error: ld returned 1 exit status
ninja: build stopped: subcommand failed.


Source file was:
#include <pthread.h>

static void* test_func(void* data)
{
  return data;
}

int main(void)
{
  pthread_t thread;
  pthread_create(&thread, NULL, test_func, NULL);
  pthread_detach(thread);
  pthread_cancel(thread);
  pthread_join(thread, NULL);
  pthread_atfork(NULL, NULL, NULL);
  pthread_exit(NULL);

  return 0;
}

Determining if the function pthread_create exists in the pthreads failed with the following output:
Change Dir: /home/zb/catkin_ws/SuperPoint_SLAM-master/build/CMakeFiles/CMakeTmp

Run Build Command(s):/usr/bin/ninja cmTC_a7069 && [1/2] Building C object CMakeFiles/cmTC_a7069.dir/CheckFunctionExists.c.o
[2/2] Linking C executable cmTC_a7069
FAILED: cmTC_a7069 
: && /usr/bin/x86_64-linux-gnu-gcc-7 -Wall  -O3 -march=native  -DCHECK_FUNCTION_EXISTS=pthread_create -rdynamic CMakeFiles/cmTC_a7069.dir/CheckFunctionExists.c.o -o cmTC_a7069  -lpthreads && :
/usr/bin/ld: 找不到 -lpthreads
collect2: error: ld returned 1 exit status
ninja: build stopped: subcommand failed.



